[INFO  - 2017-02-13T19:49:44.019Z] GhostDriver - Main - running on port 47396
[INFO  - 2017-02-13T19:49:44.666Z] Session [91497140-f225-11e6-bb21-7fea7a74e006] - page.settings - {"XSSAuditingEnabled":false,"javascriptCanCloseWindows":true,"javascriptCanOpenWindows":true,"javascriptEnabled":true,"loadImages":true,"localToRemoteUrlAccessEnabled":false,"userAgent":"Mozilla/5.0 (Windows NT 6.1; WOW64) AppleWebKit/538.1 (KHTML, like Gecko) PhantomJS/2.1.1 Safari/538.1","webSecurityEnabled":true}
[INFO  - 2017-02-13T19:49:44.666Z] Session [91497140-f225-11e6-bb21-7fea7a74e006] - page.customHeaders:  - {}
[INFO  - 2017-02-13T19:49:44.666Z] Session [91497140-f225-11e6-bb21-7fea7a74e006] - Session.negotiatedCapabilities - {"browserName":"phantomjs","version":"2.1.1","driverName":"ghostdriver","driverVersion":"1.2.0","platform":"windows-7-32bit","javascriptEnabled":true,"takesScreenshot":true,"handlesAlerts":false,"databaseEnabled":false,"locationContextEnabled":false,"applicationCacheEnabled":false,"browserConnectionEnabled":false,"cssSelectorsEnabled":true,"webStorageEnabled":false,"rotatable":false,"acceptSslCerts":false,"nativeEvents":true,"proxy":{"proxyType":"direct"}}
[INFO  - 2017-02-13T19:49:44.666Z] SessionManagerReqHand - _postNewSessionCommand - New Session Created: 91497140-f225-11e6-bb21-7fea7a74e006
[INFO  - 2017-02-13T19:49:57.486Z] ShutdownReqHand - _handle - About to shutdown
[INFO  - 2017-02-13T19:50:36.706Z] GhostDriver - Main - running on port 41823
[INFO  - 2017-02-13T19:50:37.313Z] Session [b0aabcb0-f225-11e6-9504-239654146b11] - page.settings - {"XSSAuditingEnabled":false,"javascriptCanCloseWindows":true,"javascriptCanOpenWindows":true,"javascriptEnabled":true,"loadImages":true,"localToRemoteUrlAccessEnabled":false,"userAgent":"Mozilla/5.0 (Windows NT 6.1; WOW64) AppleWebKit/538.1 (KHTML, like Gecko) PhantomJS/2.1.1 Safari/538.1","webSecurityEnabled":true}
[INFO  - 2017-02-13T19:50:37.313Z] Session [b0aabcb0-f225-11e6-9504-239654146b11] - page.customHeaders:  - {}
[INFO  - 2017-02-13T19:50:37.313Z] Session [b0aabcb0-f225-11e6-9504-239654146b11] - Session.negotiatedCapabilities - {"browserName":"phantomjs","version":"2.1.1","driverName":"ghostdriver","driverVersion":"1.2.0","platform":"windows-7-32bit","javascriptEnabled":true,"takesScreenshot":true,"handlesAlerts":false,"databaseEnabled":false,"locationContextEnabled":false,"applicationCacheEnabled":false,"browserConnectionEnabled":false,"cssSelectorsEnabled":true,"webStorageEnabled":false,"rotatable":false,"acceptSslCerts":false,"nativeEvents":true,"proxy":{"proxyType":"direct"}}
[INFO  - 2017-02-13T19:50:37.313Z] SessionManagerReqHand - _postNewSessionCommand - New Session Created: b0aabcb0-f225-11e6-9504-239654146b11
[INFO  - 2017-02-13T19:52:33.649Z] ShutdownReqHand - _handle - About to shutdown
[INFO  - 2017-02-13T19:56:44.499Z] GhostDriver - Main - running on port 41409
[INFO  - 2017-02-13T19:56:44.719Z] Session [8ba898a0-f226-11e6-9130-23abba997b3c] - page.settings - {"XSSAuditingEnabled":false,"javascriptCanCloseWindows":true,"javascriptCanOpenWindows":true,"javascriptEnabled":true,"loadImages":true,"localToRemoteUrlAccessEnabled":false,"userAgent":"Mozilla/5.0 (Windows NT 6.1; WOW64) AppleWebKit/538.1 (KHTML, like Gecko) PhantomJS/2.1.1 Safari/538.1","webSecurityEnabled":true}
[INFO  - 2017-02-13T19:56:44.720Z] Session [8ba898a0-f226-11e6-9130-23abba997b3c] - page.customHeaders:  - {}
[INFO  - 2017-02-13T19:56:44.720Z] Session [8ba898a0-f226-11e6-9130-23abba997b3c] - Session.negotiatedCapabilities - {"browserName":"phantomjs","version":"2.1.1","driverName":"ghostdriver","driverVersion":"1.2.0","platform":"windows-7-32bit","javascriptEnabled":true,"takesScreenshot":true,"handlesAlerts":false,"databaseEnabled":false,"locationContextEnabled":false,"applicationCacheEnabled":false,"browserConnectionEnabled":false,"cssSelectorsEnabled":true,"webStorageEnabled":false,"rotatable":false,"acceptSslCerts":false,"nativeEvents":true,"proxy":{"proxyType":"direct"}}
[INFO  - 2017-02-13T19:56:44.720Z] SessionManagerReqHand - _postNewSessionCommand - New Session Created: 8ba898a0-f226-11e6-9130-23abba997b3c
[INFO  - 2017-02-13T19:56:47.004Z] ShutdownReqHand - _handle - About to shutdown
[INFO  - 2017-02-13T20:25:45.577Z] GhostDriver - Main - running on port 17247
[INFO  - 2017-02-13T20:25:45.833Z] Session [99715b30-f22a-11e6-800d-5db5d72b9a1e] - page.settings - {"XSSAuditingEnabled":false,"javascriptCanCloseWindows":true,"javascriptCanOpenWindows":true,"javascriptEnabled":true,"loadImages":true,"localToRemoteUrlAccessEnabled":false,"userAgent":"Mozilla/5.0 (Windows NT 6.1; WOW64) AppleWebKit/538.1 (KHTML, like Gecko) PhantomJS/2.1.1 Safari/538.1","webSecurityEnabled":true}
[INFO  - 2017-02-13T20:25:45.833Z] Session [99715b30-f22a-11e6-800d-5db5d72b9a1e] - page.customHeaders:  - {}
[INFO  - 2017-02-13T20:25:45.833Z] Session [99715b30-f22a-11e6-800d-5db5d72b9a1e] - Session.negotiatedCapabilities - {"browserName":"phantomjs","version":"2.1.1","driverName":"ghostdriver","driverVersion":"1.2.0","platform":"windows-7-32bit","javascriptEnabled":true,"takesScreenshot":true,"handlesAlerts":false,"databaseEnabled":false,"locationContextEnabled":false,"applicationCacheEnabled":false,"browserConnectionEnabled":false,"cssSelectorsEnabled":true,"webStorageEnabled":false,"rotatable":false,"acceptSslCerts":false,"nativeEvents":true,"proxy":{"proxyType":"direct"}}
[INFO  - 2017-02-13T20:25:45.833Z] SessionManagerReqHand - _postNewSessionCommand - New Session Created: 99715b30-f22a-11e6-800d-5db5d72b9a1e
[ERROR - 2017-02-13T20:27:49.296Z] WebElementLocator - _handleLocateCommand - Element(s) NOT Found: GAVE UP. Search Stop Time: 1487017669236
[ERROR - 2017-02-13T20:27:49.733Z] WebElementLocator - _handleLocateCommand - Element(s) NOT Found: GAVE UP. Search Stop Time: 1487017669677
[INFO  - 2017-02-13T20:27:50.796Z] ShutdownReqHand - _handle - About to shutdown
[INFO  - 2017-02-14T21:21:28.239Z] GhostDriver - Main - running on port 25637
[INFO  - 2017-02-14T21:21:28.672Z] Session [8c57dba0-f2fb-11e6-99de-b179fa372cdb] - page.settings - {"XSSAuditingEnabled":false,"javascriptCanCloseWindows":true,"javascriptCanOpenWindows":true,"javascriptEnabled":true,"loadImages":true,"localToRemoteUrlAccessEnabled":false,"userAgent":"Mozilla/5.0 (Windows NT 6.1; WOW64) AppleWebKit/538.1 (KHTML, like Gecko) PhantomJS/2.1.1 Safari/538.1","webSecurityEnabled":true}
[INFO  - 2017-02-14T21:21:28.672Z] Session [8c57dba0-f2fb-11e6-99de-b179fa372cdb] - page.customHeaders:  - {}
[INFO  - 2017-02-14T21:21:28.672Z] Session [8c57dba0-f2fb-11e6-99de-b179fa372cdb] - Session.negotiatedCapabilities - {"browserName":"phantomjs","version":"2.1.1","driverName":"ghostdriver","driverVersion":"1.2.0","platform":"windows-7-32bit","javascriptEnabled":true,"takesScreenshot":true,"handlesAlerts":false,"databaseEnabled":false,"locationContextEnabled":false,"applicationCacheEnabled":false,"browserConnectionEnabled":false,"cssSelectorsEnabled":true,"webStorageEnabled":false,"rotatable":false,"acceptSslCerts":false,"nativeEvents":true,"proxy":{"proxyType":"direct"}}
[INFO  - 2017-02-14T21:21:28.673Z] SessionManagerReqHand - _postNewSessionCommand - New Session Created: 8c57dba0-f2fb-11e6-99de-b179fa372cdb
[INFO  - 2017-02-14T21:21:41.156Z] ShutdownReqHand - _handle - About to shutdown
[INFO  - 2017-02-14T21:22:19.043Z] GhostDriver - Main - running on port 14166
[INFO  - 2017-02-14T21:22:19.195Z] Session [aa753560-f2fb-11e6-bbd6-c1f5ab2b3a28] - page.settings - {"XSSAuditingEnabled":false,"javascriptCanCloseWindows":true,"javascriptCanOpenWindows":true,"javascriptEnabled":true,"loadImages":true,"localToRemoteUrlAccessEnabled":false,"userAgent":"Mozilla/5.0 (Windows NT 6.1; WOW64) AppleWebKit/538.1 (KHTML, like Gecko) PhantomJS/2.1.1 Safari/538.1","webSecurityEnabled":true}
[INFO  - 2017-02-14T21:22:19.196Z] Session [aa753560-f2fb-11e6-bbd6-c1f5ab2b3a28] - page.customHeaders:  - {}
[INFO  - 2017-02-14T21:22:19.196Z] Session [aa753560-f2fb-11e6-bbd6-c1f5ab2b3a28] - Session.negotiatedCapabilities - {"browserName":"phantomjs","version":"2.1.1","driverName":"ghostdriver","driverVersion":"1.2.0","platform":"windows-7-32bit","javascriptEnabled":true,"takesScreenshot":true,"handlesAlerts":false,"databaseEnabled":false,"locationContextEnabled":false,"applicationCacheEnabled":false,"browserConnectionEnabled":false,"cssSelectorsEnabled":true,"webStorageEnabled":false,"rotatable":false,"acceptSslCerts":false,"nativeEvents":true,"proxy":{"proxyType":"direct"}}
[INFO  - 2017-02-14T21:22:19.196Z] SessionManagerReqHand - _postNewSessionCommand - New Session Created: aa753560-f2fb-11e6-bbd6-c1f5ab2b3a28
[INFO  - 2017-02-14T21:22:20.382Z] ShutdownReqHand - _handle - About to shutdown
[INFO  - 2017-02-14T21:22:49.092Z] GhostDriver - Main - running on port 45114
[INFO  - 2017-02-14T21:22:49.298Z] Session [bc6668c0-f2fb-11e6-aad6-81af5e469613] - page.settings - {"XSSAuditingEnabled":false,"javascriptCanCloseWindows":true,"javascriptCanOpenWindows":true,"javascriptEnabled":true,"loadImages":true,"localToRemoteUrlAccessEnabled":false,"userAgent":"Mozilla/5.0 (Windows NT 6.1; WOW64) AppleWebKit/538.1 (KHTML, like Gecko) PhantomJS/2.1.1 Safari/538.1","webSecurityEnabled":true}
[INFO  - 2017-02-14T21:22:49.298Z] Session [bc6668c0-f2fb-11e6-aad6-81af5e469613] - page.customHeaders:  - {}
[INFO  - 2017-02-14T21:22:49.298Z] Session [bc6668c0-f2fb-11e6-aad6-81af5e469613] - Session.negotiatedCapabilities - {"browserName":"phantomjs","version":"2.1.1","driverName":"ghostdriver","driverVersion":"1.2.0","platform":"windows-7-32bit","javascriptEnabled":true,"takesScreenshot":true,"handlesAlerts":false,"databaseEnabled":false,"locationContextEnabled":false,"applicationCacheEnabled":false,"browserConnectionEnabled":false,"cssSelectorsEnabled":true,"webStorageEnabled":false,"rotatable":false,"acceptSslCerts":false,"nativeEvents":true,"proxy":{"proxyType":"direct"}}
[INFO  - 2017-02-14T21:22:49.298Z] SessionManagerReqHand - _postNewSessionCommand - New Session Created: bc6668c0-f2fb-11e6-aad6-81af5e469613
[INFO  - 2017-02-14T21:23:01.507Z] ShutdownReqHand - _handle - About to shutdown
[INFO  - 2017-02-15T19:55:12.619Z] GhostDriver - Main - running on port 5923
[INFO  - 2017-02-15T19:55:13.425Z] Session [aa11bcc0-f3b8-11e6-ad0a-214b47f16639] - page.settings - {"XSSAuditingEnabled":false,"javascriptCanCloseWindows":true,"javascriptCanOpenWindows":true,"javascriptEnabled":true,"loadImages":true,"localToRemoteUrlAccessEnabled":false,"userAgent":"Mozilla/5.0 (Windows NT 6.1; WOW64) AppleWebKit/538.1 (KHTML, like Gecko) PhantomJS/2.1.1 Safari/538.1","webSecurityEnabled":true}
[INFO  - 2017-02-15T19:55:13.425Z] Session [aa11bcc0-f3b8-11e6-ad0a-214b47f16639] - page.customHeaders:  - {}
[INFO  - 2017-02-15T19:55:13.425Z] Session [aa11bcc0-f3b8-11e6-ad0a-214b47f16639] - Session.negotiatedCapabilities - {"browserName":"phantomjs","version":"2.1.1","driverName":"ghostdriver","driverVersion":"1.2.0","platform":"windows-7-32bit","javascriptEnabled":true,"takesScreenshot":true,"handlesAlerts":false,"databaseEnabled":false,"locationContextEnabled":false,"applicationCacheEnabled":false,"browserConnectionEnabled":false,"cssSelectorsEnabled":true,"webStorageEnabled":false,"rotatable":false,"acceptSslCerts":false,"nativeEvents":true,"proxy":{"proxyType":"direct"}}
[INFO  - 2017-02-15T19:55:13.425Z] SessionManagerReqHand - _postNewSessionCommand - New Session Created: aa11bcc0-f3b8-11e6-ad0a-214b47f16639
[INFO  - 2017-02-15T19:55:25.397Z] ShutdownReqHand - _handle - About to shutdown
[INFO  - 2017-02-15T19:56:04.706Z] GhostDriver - Main - running on port 33074
[INFO  - 2017-02-15T19:56:04.964Z] Session [c8c9cfe0-f3b8-11e6-89a1-853bee082970] - page.settings - {"XSSAuditingEnabled":false,"javascriptCanCloseWindows":true,"javascriptCanOpenWindows":true,"javascriptEnabled":true,"loadImages":true,"localToRemoteUrlAccessEnabled":false,"userAgent":"Mozilla/5.0 (Windows NT 6.1; WOW64) AppleWebKit/538.1 (KHTML, like Gecko) PhantomJS/2.1.1 Safari/538.1","webSecurityEnabled":true}
[INFO  - 2017-02-15T19:56:04.964Z] Session [c8c9cfe0-f3b8-11e6-89a1-853bee082970] - page.customHeaders:  - {}
[INFO  - 2017-02-15T19:56:04.964Z] Session [c8c9cfe0-f3b8-11e6-89a1-853bee082970] - Session.negotiatedCapabilities - {"browserName":"phantomjs","version":"2.1.1","driverName":"ghostdriver","driverVersion":"1.2.0","platform":"windows-7-32bit","javascriptEnabled":true,"takesScreenshot":true,"handlesAlerts":false,"databaseEnabled":false,"locationContextEnabled":false,"applicationCacheEnabled":false,"browserConnectionEnabled":false,"cssSelectorsEnabled":true,"webStorageEnabled":false,"rotatable":false,"acceptSslCerts":false,"nativeEvents":true,"proxy":{"proxyType":"direct"}}
[INFO  - 2017-02-15T19:56:04.964Z] SessionManagerReqHand - _postNewSessionCommand - New Session Created: c8c9cfe0-f3b8-11e6-89a1-853bee082970
[INFO  - 2017-02-15T19:56:06.676Z] ShutdownReqHand - _handle - About to shutdown
[INFO  - 2017-02-15T19:56:55.620Z] GhostDriver - Main - running on port 3974
[INFO  - 2017-02-15T19:56:55.892Z] Session [e724f5f0-f3b8-11e6-a7a9-2b9b392fa94f] - page.settings - {"XSSAuditingEnabled":false,"javascriptCanCloseWindows":true,"javascriptCanOpenWindows":true,"javascriptEnabled":true,"loadImages":true,"localToRemoteUrlAccessEnabled":false,"userAgent":"Mozilla/5.0 (Windows NT 6.1; WOW64) AppleWebKit/538.1 (KHTML, like Gecko) PhantomJS/2.1.1 Safari/538.1","webSecurityEnabled":true}
[INFO  - 2017-02-15T19:56:55.892Z] Session [e724f5f0-f3b8-11e6-a7a9-2b9b392fa94f] - page.customHeaders:  - {}
[INFO  - 2017-02-15T19:56:55.892Z] Session [e724f5f0-f3b8-11e6-a7a9-2b9b392fa94f] - Session.negotiatedCapabilities - {"browserName":"phantomjs","version":"2.1.1","driverName":"ghostdriver","driverVersion":"1.2.0","platform":"windows-7-32bit","javascriptEnabled":true,"takesScreenshot":true,"handlesAlerts":false,"databaseEnabled":false,"locationContextEnabled":false,"applicationCacheEnabled":false,"browserConnectionEnabled":false,"cssSelectorsEnabled":true,"webStorageEnabled":false,"rotatable":false,"acceptSslCerts":false,"nativeEvents":true,"proxy":{"proxyType":"direct"}}
[INFO  - 2017-02-15T19:56:55.892Z] SessionManagerReqHand - _postNewSessionCommand - New Session Created: e724f5f0-f3b8-11e6-a7a9-2b9b392fa94f
[INFO  - 2017-02-15T19:58:25.255Z] ShutdownReqHand - _handle - About to shutdown
